<?xml version="1.0" encoding="UTF-8"?>
<testng-results skipped="0" failed="0" ignored="0" total="1" passed="1">
  <reporter-output>
  </reporter-output>
  <suite name="TestScripts.DriverScriptTest" duration-ms="823845" started-at="2018-10-18T20:32:48Z" finished-at="2018-10-18T20:46:31Z">
    <groups>
    </groups>
    <test name="Command line test" duration-ms="823845" started-at="2018-10-18T20:32:48Z" finished-at="2018-10-18T20:46:31Z">
      <class name="TestScripts.DriverScriptTest">
        <test-method status="PASS" signature="mainMethod()[pri:0, instance:TestScripts.DriverScriptTest@3dd3bcd]" name="mainMethod" duration-ms="823812" started-at="2018-10-18T20:32:48Z" finished-at="2018-10-18T20:46:31Z">
          <reporter-output>
          </reporter-output>
        </test-method> <!-- mainMethod -->
      </class> <!-- TestScripts.DriverScriptTest -->
    </test> <!-- Command line test -->
  </suite> <!-- TestScripts.DriverScriptTest -->
</testng-results>
